0 info it worked if it ends with ok
1 verbose cli [ '/usr/bin/nodejs', '/usr/bin/npm', 'run', 'watch' ]
2 info using npm@3.10.3
3 info using node@v6.6.0
4 verbose run-script [ 'prewatch', 'watch', 'postwatch' ]
5 info lifecycle ionic-hello-world@~prewatch: ionic-hello-world@
6 silly lifecycle ionic-hello-world@~prewatch: no script for prewatch, continuing
7 info lifecycle ionic-hello-world@~watch: ionic-hello-world@
8 verbose lifecycle ionic-hello-world@~watch: unsafe-perm in lifecycle true
9 verbose lifecycle ionic-hello-world@~watch: PATH: /usr/lib/node_modules/npm/bin/node-gyp-bin:/home/nvs/Documents/9-Projects/1-ionic/project-balti-v0.1/node_modules/.bin:/usr/bin:/home/nvs/.npm-global/bin:/usr/local/sbin:/usr/local/bin:/usr/sbin:/usr/bin:/sbin:/bin:/usr/games:/usr/local/games:/snap/bin:/usr/local/java/jre1.8.0_102/bin:/usr/local/java/jdk1.8.0_102/bin:/home/nvs/Android/Sdk/tools:/home/nvs/Android/Sdk/platform-tools
10 verbose lifecycle ionic-hello-world@~watch: CWD: /home/nvs/Documents/9-Projects/1-ionic/project-balti-v0.1
11 silly lifecycle ionic-hello-world@~watch: Args: [ '-c', 'ionic-app-scripts watch' ]
12 silly lifecycle ionic-hello-world@~watch: Returned: code: 134  signal: null
13 info lifecycle ionic-hello-world@~watch: Failed to exec watch script
14 verbose stack Error: ionic-hello-world@ watch: `ionic-app-scripts watch`
14 verbose stack Exit status 134
14 verbose stack     at EventEmitter.<anonymous> (/usr/lib/node_modules/npm/lib/utils/lifecycle.js:242:16)
14 verbose stack     at emitTwo (events.js:106:13)
14 verbose stack     at EventEmitter.emit (events.js:191:7)
14 verbose stack     at ChildProcess.<anonymous> (/usr/lib/node_modules/npm/lib/utils/spawn.js:40:14)
14 verbose stack     at emitTwo (events.js:106:13)
14 verbose stack     at ChildProcess.emit (events.js:191:7)
14 verbose stack     at maybeClose (internal/child_process.js:877:16)
14 verbose stack     at Process.ChildProcess._handle.onexit (internal/child_process.js:226:5)
15 verbose pkgid ionic-hello-world@
16 verbose cwd /home/nvs/Documents/9-Projects/1-ionic/project-balti-v0.1
17 error Linux 4.4.0-38-generic
18 error argv "/usr/bin/nodejs" "/usr/bin/npm" "run" "watch"
19 error node v6.6.0
20 error npm  v3.10.3
21 error code ELIFECYCLE
22 error ionic-hello-world@ watch: `ionic-app-scripts watch`
22 error Exit status 134
23 error Failed at the ionic-hello-world@ watch script 'ionic-app-scripts watch'.
23 error Make sure you have the latest version of node.js and npm installed.
23 error If you do, this is most likely a problem with the ionic-hello-world package,
23 error not with npm itself.
23 error Tell the author that this fails on your system:
23 error     ionic-app-scripts watch
23 error You can get information on how to open an issue for this project with:
23 error     npm bugs ionic-hello-world
23 error Or if that isn't available, you can get their info via:
23 error     npm owner ls ionic-hello-world
23 error There is likely additional logging output above.
24 verbose exit [ 1, true ]
